#
# There is insufficient memory for the Java Runtime Environment to continue.
# Native memory allocation (mmap) failed to map 65536 bytes for Failed to commit metaspace.
# Possible reasons:
#   The system is out of physical RAM or swap space
#   The process is running with CompressedOops enabled, and the Java Heap may be blocking the growth of the native heap
# Possible solutions:
#   Reduce memory load on the system
#   Increase physical memory or swap space
#   Check if swap backing store is full
#   Decrease Java heap size (-Xmx/-Xms)
#   Decrease number of Java threads
#   Decrease Java thread stack sizes (-Xss)
#   Set larger code cache with -XX:ReservedCodeCacheSize=
#   JVM is running with Zero Based Compressed Oops mode in which the Java heap is
#     placed in the first 32GB address space. The Java Heap base address is the
#     maximum limit for the native heap growth. Please use -XX:HeapBaseMinAddress
#     to set the Java Heap base and to place the Java Heap above 32GB virtual address.
# This output file may be truncated or incomplete.
#
#  Out of Memory Error (virtualSpaceNode.cpp:110), pid=2432, tid=6100
#
# JRE version: Java(TM) SE Runtime Environment (19.0+36) (build 19+36-2238)
# Java VM: Java HotSpot(TM) 64-Bit Server VM (19+36-2238, mixed mode, sharing, tiered, compressed oops, compressed class ptrs, g1 gc, windows-amd64)
# No core dump will be written. Minidumps are not enabled by default on client versions of Windows
#

---------------  S U M M A R Y ------------

Command Line: -Dfile.encoding=UTF-8 -Djava.security.policy=applet.policy --module-path=C:\Users\Asus\Desktop\CarRentalManagementSystem_2\build\classes adminhome

Host: 11th Gen Intel(R) Core(TM) i7-1165G7 @ 2.80GHz, 8 cores, 15G,  Windows 11 , 64 bit Build 22000 (10.0.22000.1335)
Time: Mon Dec 26 01:51:12 2022 Bangladesh Standard Time elapsed time: 0.213411 seconds (0d 0h 0m 0s)

---------------  T H R E A D  ---------------

Current thread (0x000001ecb43a15f0):  JavaThread "main" [_thread_in_vm, id=6100, stack(0x00000025b5200000,0x00000025b5300000)]

Stack: [0x00000025b5200000,0x00000025b5300000]
Native frames: (J=compiled Java code, j=interpreted, Vv=VM code, C=native code)
V  [jvm.dll+0x6ee8fa]
V  [jvm.dll+0x857a1e]
V  [jvm.dll+0x85940e]
V  [jvm.dll+0x859ac3]
V  [jvm.dll+0x28291f]
V  [jvm.dll+0x85369b]
V  [jvm.dll+0x693276]
V  [jvm.dll+0x6932da]
V  [jvm.dll+0x695bd3]
V  [jvm.dll+0x695a9e]
V  [jvm.dll+0x693c9e]
V  [jvm.dll+0x28015c]
V  [jvm.dll+0x7435dd]
V  [jvm.dll+0x743fdf]
V  [jvm.dll+0x3c9afe]
V  [jvm.dll+0x3c9986]
V  [jvm.dll+0x3c9986]
V  [jvm.dll+0x3c9986]
V  [jvm.dll+0x3c9986]
V  [jvm.dll+0x46a66f]
V  [jvm.dll+0x475064]
C  0x000001ecc384fa5d

Java frames: (J=compiled Java code, j=interpreted, Vv=VM code)
j  java.lang.Class.getDeclaredMethods0(Z)[Ljava/lang/reflect/Method;+0 java.base@19
j  java.lang.Class.privateGetDeclaredMethods(Z)[Ljava/lang/reflect/Method;+34 java.base@19
j  java.lang.Class.getMethodsRecursive(Ljava/lang/String;[Ljava/lang/Class;Z)Ljava/lang/PublicMethods$MethodList;+2 java.base@19
j  java.lang.Class.getMethod0(Ljava/lang/String;[Ljava/lang/Class;)Ljava/lang/reflect/Method;+14 java.base@19
j  java.lang.Class.getMethod(Ljava/lang/String;[Ljava/lang/Class;)Ljava/lang/reflect/Method;+26 java.base@19
j  sun.launcher.LauncherHelper.validateMainClass(Ljava/lang/Class;)V+16 java.base@19
j  sun.launcher.LauncherHelper.checkAndLoadMain(ZILjava/lang/String;)Ljava/lang/Class;+80 java.base@19
v  ~StubRoutines::call_stub 0x000001ecc38310e8

---------------  P R O C E S S  ---------------

Threads class SMR info:
_java_thread_list=0x000001ecdb939830, length=13, elements={
0x000001ecb43a15f0, 0x000001ecd759c510, 0x000001ecd759ce40, 0x000001ecd759f780,
0x000001ecd75a0330, 0x000001ecd75a0c60, 0x000001ecd75a57f0, 0x000001ecd75a8460,
0x000001ecd75a9de0, 0x000001ecd75ab170, 0x000001ecdb8a6e60, 0x000001ecdb9949e0,
0x000001ecb43a2080
}

Java Threads: ( => current thread )
=>0x000001ecb43a15f0 JavaThread "main" [_thread_in_vm, id=6100, stack(0x00000025b5200000,0x00000025b5300000)]
  0x000001ecd759c510 JavaThread "Reference Handler" daemon [_thread_blocked, id=26800, stack(0x00000025b5900000,0x00000025b5a00000)]
  0x000001ecd759ce40 JavaThread "Finalizer" daemon [_thread_blocked, id=19336, stack(0x00000025b5a00000,0x00000025b5b00000)]
  0x000001ecd759f780 JavaThread "Signal Dispatcher" daemon [_thread_blocked, id=20368, stack(0x00000025b5b00000,0x00000025b5c00000)]
  0x000001ecd75a0330 JavaThread "Attach Listener" daemon [_thread_blocked, id=25192, stack(0x00000025b5c00000,0x00000025b5d00000)]
  0x000001ecd75a0c60 JavaThread "Service Thread" daemon [_thread_blocked, id=33276, stack(0x00000025b5d00000,0x00000025b5e00000)]
  0x000001ecd75a57f0 JavaThread "Monitor Deflation Thread" daemon [_thread_blocked, id=29208, stack(0x00000025b5e00000,0x00000025b5f00000)]
  0x000001ecd75a8460 JavaThread "C2 CompilerThread0" daemon [_thread_blocked, id=19948, stack(0x00000025b5f00000,0x00000025b6000000)]
  0x000001ecd75a9de0 JavaThread "C1 CompilerThread0" daemon [_thread_blocked, id=12508, stack(0x00000025b6000000,0x00000025b6100000)]
  0x000001ecd75ab170 JavaThread "Sweeper thread" daemon [_thread_blocked, id=29236, stack(0x00000025b6100000,0x00000025b6200000)]
  0x000001ecdb8a6e60 JavaThread "Common-Cleaner" daemon [_thread_blocked, id=27640, stack(0x00000025b6200000,0x00000025b6300000)]
  0x000001ecdb9949e0 JavaThread "Notification Thread" daemon [_thread_blocked, id=11004, stack(0x00000025b6300000,0x00000025b6400000)]
  0x000001ecb43a2080 JavaThread "C2 CompilerThread1" daemon [_thread_blocked, id=22568, stack(0x00000025b6500000,0x00000025b6600000)]

Other Threads:
  0x000001ecd7581bb0 VMThread "VM Thread" [stack: 0x00000025b5800000,0x00000025b5900000] [id=18688]
  0x000001ecdb998f40 WatcherThread "VM Periodic Task Thread" [stack: 0x00000025b6400000,0x00000025b6500000] [id=27756]
  0x000001ecb44123a0 WorkerThread "GC Thread#0" [stack: 0x00000025b5300000,0x00000025b5400000] [id=9532]
  0x000001ecb4422d40 ConcurrentGCThread "G1 Main Marker" [stack: 0x00000025b5400000,0x00000025b5500000] [id=29900]
  0x000001ecb4423970 WorkerThread "G1 Conc#0" [stack: 0x00000025b5500000,0x00000025b5600000] [id=5276]
  0x000001ecb446e320 ConcurrentGCThread "G1 Refine#0" [stack: 0x00000025b5600000,0x00000025b5700000] [id=24388]
  0x000001ecb446eb10 ConcurrentGCThread "G1 Service" [stack: 0x00000025b5700000,0x00000025b5800000] [id=23944]

Threads with active compile tasks:

VM state: not at safepoint (normal execution)

VM Mutex/Monitor currently owned by a thread:  ([mutex/lock_event])
[0x000001ecb439aca0] Metaspace_lock - owner thread: 0x000001ecb43a15f0

Heap address: 0x0000000704c00000, size: 4020 MB, Compressed Oops mode: Zero based, Oop shift amount: 3

CDS archive(s) mapped at: [0x0000000800000000-0x0000000800c40000-0x0000000800c40000), size 12845056, SharedBaseAddress: 0x0000000800000000, ArchiveRelocationMode: 0.
Compressed class space mapped at: 0x0000000801000000-0x0000000841000000, reserved size: 1073741824
Narrow klass base: 0x0000000800000000, Narrow klass shift: 0, Narrow klass range: 0x100000000

GC Precious Log:
 CardTable entry size: 512
 Card Set container configuration: InlinePtr #cards 4 size 8 Array Of Cards #cards 8 size 32 Howl #buckets 8 coarsen threshold 3686 Howl Bitmap #cards 512 size 80 coarsen threshold 460 Card regions per heap region 1 cards per card region 4096
 CPUs: 8 total, 8 available
 Memory: 16075M
 Large Page Support: Disabled
 NUMA Support: Disabled
 Compressed Oops: Enabled (Zero based)
 Heap Region Size: 2M
 Heap Min Capacity: 8M
 Heap Initial Capacity: 252M
 Heap Max Capacity: 4020M
 Pre-touch: Disabled
 Parallel Workers: 8
 Concurrent Workers: 2
 Concurrent Refinement Workers: 8
 Periodic GC: Disabled

Heap:
 garbage-first heap   total 258048K, used 2048K [0x0000000704c00000, 0x0000000800000000)
  region size 2048K, 2 young (4096K), 0 survivors (0K)
 Metaspace       used 764K, committed 896K, reserved 1114112K
  class space    used 50K, committed 128K, reserved 1048576K

Heap Regions: E=young(eden), S=young(survivor), O=old, HS=humongous(starts), HC=humongous(continues), CS=collection set, F=free, OA=open archive, CA=closed archive, TAMS=top-at-mark-start (previous, next)
|   0|0x0000000704c00000, 0x0000000704c00000, 0x0000000704e00000|  0%| F|  |TAMS 0x0000000704c00000, 0x0000000704c00000| Untracked 
|   1|0x0000000704e00000, 0x0000000704e00000, 0x0000000705000000|  0%| F|  |TAMS 0x0000000704e00000, 0x0000000704e00000| Untracked 
|   2|0x0000000705000000, 0x0000000705000000, 0x0000000705200000|  0%| F|  |TAMS 0x0000000705000000, 0x0000000705000000| Untracked 
|   3|0x0000000705200000, 0x0000000705200000, 0x0000000705400000|  0%| F|  |TAMS 0x0000000705200000, 0x0000000705200000| Untracked 
|   4|0x0000000705400000, 0x0000000705400000, 0x0000000705600000|  0%| F|  |TAMS 0x0000000705400000, 0x0000000705400000| Untracked 
|   5|0x0000000705600000, 0x0000000705600000, 0x0000000705800000|  0%| F|  |TAMS 0x0000000705600000, 0x0000000705600000| Untracked 
|   6|0x0000000705800000, 0x0000000705800000, 0x0000000705a00000|  0%| F|  |TAMS 0x0000000705800000, 0x0000000705800000| Untracked 
|   7|0x0000000705a00000, 0x0000000705a00000, 0x0000000705c00000|  0%| F|  |TAMS 0x0000000705a00000, 0x0000000705a00000| Untracked 
|   8|0x0000000705c00000, 0x0000000705c00000, 0x0000000705e00000|  0%| F|  |TAMS 0x0000000705c00000, 0x0000000705c00000| Untracked 
|   9|0x0000000705e00000, 0x0000000705e00000, 0x0000000706000000|  0%| F|  |TAMS 0x0000000705e00000, 0x0000000705e00000| Untracked 
|  10|0x0000000706000000, 0x0000000706000000, 0x0000000706200000|  0%| F|  |TAMS 0x0000000706000000, 0x0000000706000000| Untracked 
|  11|0x0000000706200000, 0x0000000706200000, 0x0000000706400000|  0%| F|  |TAMS 0x0000000706200000, 0x0000000706200000| Untracked 
|  12|0x0000000706400000, 0x0000000706400000, 0x0000000706600000|  0%| F|  |TAMS 0x0000000706400000, 0x0000000706400000| Untracked 
|  13|0x0000000706600000, 0x0000000706600000, 0x0000000706800000|  0%| F|  |TAMS 0x0000000706600000, 0x0000000706600000| Untracked 
|  14|0x0000000706800000, 0x0000000706800000, 0x0000000706a00000|  0%| F|  |TAMS 0x0000000706800000, 0x0000000706800000| Untracked 
|  15|0x0000000706a00000, 0x0000000706a00000, 0x0000000706c00000|  0%| F|  |TAMS 0x0000000706a00000, 0x0000000706a00000| Untracked 
|  16|0x0000000706c00000, 0x0000000706c00000, 0x0000000706e00000|  0%| F|  |TAMS 0x0000000706c00000, 0x0000000706c00000| Untracked 
|  17|0x0000000706e00000, 0x0000000706e00000, 0x0000000707000000|  0%| F|  |TAMS 0x0000000706e00000, 0x0000000706e00000| Untracked 
|  18|0x0000000707000000, 0x0000000707000000, 0x0000000707200000|  0%| F|  |TAMS 0x0000000707000000, 0x0000000707000000| Untracked 
|  19|0x0000000707200000, 0x0000000707200000, 0x0000000707400000|  0%| F|  |TAMS 0x0000000707200000, 0x0000000707200000| Untracked 
|  20|0x0000000707400000, 0x0000000707400000, 0x0000000707600000|  0%| F|  |TAMS 0x0000000707400000, 0x0000000707400000| Untracked 
|  21|0x0000000707600000, 0x0000000707600000, 0x0000000707800000|  0%| F|  |TAMS 0x0000000707600000, 0x0000000707600000| Untracked 
|  22|0x0000000707800000, 0x0000000707800000, 0x0000000707a00000|  0%| F|  |TAMS 0x0000000707800000, 0x0000000707800000| Untracked 
|  23|0x0000000707a00000, 0x0000000707a00000, 0x0000000707c00000|  0%| F|  |TAMS 0x0000000707a00000, 0x0000000707a00000| Untracked 
|  24|0x0000000707c00000, 0x0000000707c00000, 0x0000000707e00000|  0%| F|  |TAMS 0x0000000707c00000, 0x0000000707c00000| Untracked 
|  25|0x0000000707e00000, 0x0000000707e00000, 0x0000000708000000|  0%| F|  |TAMS 0x0000000707e00000, 0x0000000707e00000| Untracked 
|  26|0x0000000708000000, 0x0000000708000000, 0x0000000708200000|  0%| F|  |TAMS 0x0000000708000000, 0x0000000708000000| Untracked 
|  27|0x0000000708200000, 0x0000000708200000, 0x0000000708400000|  0%| F|  |TAMS 0x0000000708200000, 0x0000000708200000| Untracked 
|  28|0x0000000708400000, 0x0000000708400000, 0x0000000708600000|  0%| F|  |TAMS 0x0000000708400000, 0x0000000708400000| Untracked 
|  29|0x0000000708600000, 0x0000000708600000, 0x0000000708800000|  0%| F|  |TAMS 0x0000000708600000, 0x0000000708600000| Untracked 
|  30|0x0000000708800000, 0x0000000708800000, 0x0000000708a00000|  0%| F|  |TAMS 0x0000000708800000, 0x0000000708800000| Untracked 
|  31|0x0000000708a00000, 0x0000000708a00000, 0x0000000708c00000|  0%| F|  |TAMS 0x0000000708a00000, 0x0000000708a00000| Untracked 
|  32|0x0000000708c00000, 0x0000000708c00000, 0x0000000708e00000|  0%| F|  |TAMS 0x0000000708c00000, 0x0000000708c00000| Untracked 
|  33|0x0000000708e00000, 0x0000000708e00000, 0x0000000709000000|  0%| F|  |TAMS 0x0000000708e00000, 0x0000000708e00000| Untracked 
|  34|0x0000000709000000, 0x0000000709000000, 0x0000000709200000|  0%| F|  |TAMS 0x0000000709000000, 0x0000000709000000| Untracked 
|  35|0x0000000709200000, 0x0000000709200000, 0x0000000709400000|  0%| F|  |TAMS 0x0000000709200000, 0x0000000709200000| Untracked 
|  36|0x0000000709400000, 0x0000000709400000, 0x0000000709600000|  0%| F|  |TAMS 0x0000000709400000, 0x0000000709400000| Untracked 
|  37|0x0000000709600000, 0x0000000709600000, 0x0000000709800000|  0%| F|  |TAMS 0x0000000709600000, 0x0000000709600000| Untracked 
|  38|0x0000000709800000, 0x0000000709800000, 0x0000000709a00000|  0%| F|  |TAMS 0x0000000709800000, 0x0000000709800000| Untracked 
|  39|0x0000000709a00000, 0x0000000709a00000, 0x0000000709c00000|  0%| F|  |TAMS 0x0000000709a00000, 0x0000000709a00000| Untracked 
|  40|0x0000000709c00000, 0x0000000709c00000, 0x0000000709e00000|  0%| F|  |TAMS 0x0000000709c00000, 0x0000000709c00000| Untracked 
|  41|0x0000000709e00000, 0x0000000709e00000, 0x000000070a000000|  0%| F|  |TAMS 0x0000000709e00000, 0x0000000709e00000| Untracked 
|  42|0x000000070a000000, 0x000000070a000000, 0x000000070a200000|  0%| F|  |TAMS 0x000000070a000000, 0x000000070a000000| Untracked 
|  43|0x000000070a200000, 0x000000070a200000, 0x000000070a400000|  0%| F|  |TAMS 0x000000070a200000, 0x000000070a200000| Untracked 
|  44|0x000000070a400000, 0x000000070a400000, 0x000000070a600000|  0%| F|  |TAMS 0x000000070a400000, 0x000000070a400000| Untracked 
|  45|0x000000070a600000, 0x000000070a600000, 0x000000070a800000|  0%| F|  |TAMS 0x000000070a600000, 0x000000070a600000| Untracked 
|  46|0x000000070a800000, 0x000000070a800000, 0x000000070aa00000|  0%| F|  |TAMS 0x000000070a800000, 0x000000070a800000| Untracked 
|  47|0x000000070aa00000, 0x000000070aa00000, 0x000000070ac00000|  0%| F|  |TAMS 0x000000070aa00000, 0x000000070aa00000| Untracked 
|  48|0x000000070ac00000, 0x000000070ac00000, 0x000000070ae00000|  0%| F|  |TAMS 0x000000070ac00000, 0x000000070ac00000| Untracked 
|  49|0x000000070ae00000, 0x000000070ae00000, 0x000000070b000000|  0%| F|  |TAMS 0x000000070ae00000, 0x000000070ae00000| Untracked 
|  50|0x000000070b000000, 0x000000070b000000, 0x000000070b200000|  0%| F|  |TAMS 0x000000070b000000, 0x000000070b000000| Untracked 
|  51|0x000000070b200000, 0x000000070b200000, 0x000000070b400000|  0%| F|  |TAMS 0x000000070b200000, 0x000000070b200000| Untracked 
|  52|0x000000070b400000, 0x000000070b400000, 0x000000070b600000|  0%| F|  |TAMS 0x000000070b400000, 0x000000070b400000| Untracked 
|  53|0x000000070b600000, 0x000000070b600000, 0x000000070b800000|  0%| F|  |TAMS 0x000000070b600000, 0x000000070b600000| Untracked 
|  54|0x000000070b800000, 0x000000070b800000, 0x000000070ba00000|  0%| F|  |TAMS 0x000000070b800000, 0x000000070b800000| Untracked 
|  55|0x000000070ba00000, 0x000000070ba00000, 0x000000070bc00000|  0%| F|  |TAMS 0x000000070ba00000, 0x000000070ba00000| Untracked 
|  56|0x000000070bc00000, 0x000000070bc00000, 0x000000070be00000|  0%| F|  |TAMS 0x000000070bc00000, 0x000000070bc00000| Untracked 
|  57|0x000000070be00000, 0x000000070be00000, 0x000000070c000000|  0%| F|  |TAMS 0x000000070be00000, 0x000000070be00000| Untracked 
|  58|0x000000070c000000, 0x000000070c000000, 0x000000070c200000|  0%| F|  |TAMS 0x000000070c000000, 0x000000070c000000| Untracked 
|  59|0x000000070c200000, 0x000000070c200000, 0x000000070c400000|  0%| F|  |TAMS 0x000000070c200000, 0x000000070c200000| Untracked 
|  60|0x000000070c400000, 0x000000070c400000, 0x000000070c600000|  0%| F|  |TAMS 0x000000070c400000, 0x000000070c400000| Untracked 
|  61|0x000000070c600000, 0x000000070c600000, 0x000000070c800000|  0%| F|  |TAMS 0x000000070c600000, 0x000000070c600000| Untracked 
|  62|0x000000070c800000, 0x000000070c800000, 0x000000070ca00000|  0%| F|  |TAMS 0x000000070c800000, 0x000000070c800000| Untracked 
|  63|0x000000070ca00000, 0x000000070ca00000, 0x000000070cc00000|  0%| F|  |TAMS 0x000000070ca00000, 0x000000070ca00000| Untracked 
|  64|0x000000070cc00000, 0x000000070cc00000, 0x000000070ce00000|  0%| F|  |TAMS 0x000000070cc00000, 0x000000070cc00000| Untracked 
|  65|0x000000070ce00000, 0x000000070ce00000, 0x000000070d000000|  0%| F|  |TAMS 0x000000070ce00000, 0x000000070ce00000| Untracked 
|  66|0x000000070d000000, 0x000000070d000000, 0x000000070d200000|  0%| F|  |TAMS 0x000000070d000000, 0x000000070d000000| Untracked 
|  67|0x000000070d200000, 0x000000070d200000, 0x000000070d400000|  0%| F|  |TAMS 0x000000070d200000, 0x000000070d200000| Untracked 
|  68|0x000000070d400000, 0x000000070d400000, 0x000000070d600000|  0%| F|  |TAMS 0x000000070d400000, 0x000000070d400000| Untracked 
|  69|0x000000070d600000, 0x000000070d600000, 0x000000070d800000|  0%| F|  |TAMS 0x000000070d600000, 0x000000070d600000| Untracked 
|  70|0x000000070d800000, 0x000000070d800000, 0x000000070da00000|  0%| F|  |TAMS 0x000000070d800000, 0x000000070d800000| Untracked 
|  71|0x000000070da00000, 0x000000070da00000, 0x000000070dc00000|  0%| F|  |TAMS 0x000000070da00000, 0x000000070da00000| Untracked 
|  72|0x000000070dc00000, 0x000000070dc00000, 0x000000070de00000|  0%| F|  |TAMS 0x000000070dc00000, 0x000000070dc00000| Untracked 
|  73|0x000000070de00000, 0x000000070de00000, 0x000000070e000000|  0%| F|  |TAMS 0x000000070de00000, 0x000000070de00000| Untracked 
|  74|0x000000070e000000, 0x000000070e000000, 0x000000070e200000|  0%| F|  |TAMS 0x000000070e000000, 0x000000070e000000| Untracked 
|  75|0x000000070e200000, 0x000000070e200000, 0x000000070e400000|  0%| F|  |TAMS 0x000000070e200000, 0x000000070e200000| Untracked 
|  76|0x000000070e400000, 0x000000070e400000, 0x000000070e600000|  0%| F|  |TAMS 0x000000070e400000, 0x000000070e400000| Untracked 
|  77|0x000000070e600000, 0x000000070e600000, 0x000000070e800000|  0%| F|  |TAMS 0x000000070e600000, 0x000000070e600000| Untracked 
|  78|0x000000070e800000, 0x000000070e800000, 0x000000070ea00000|  0%| F|  |TAMS 0x000000070e800000, 0x000000070e800000| Untracked 
|  79|0x000000070ea00000, 0x000000070ea00000, 0x000000070ec00000|  0%| F|  |TAMS 0x000000070ea00000, 0x000000070ea00000| Untracked 
|  80|0x000000070ec00000, 0x000000070ec00000, 0x000000070ee00000|  0%| F|  |TAMS 0x000000070ec00000, 0x000000070ec00000| Untracked 
|  81|0x000000070ee00000, 0x000000070ee00000, 0x000000070f000000|  0%| F|  |TAMS 0x000000070ee00000, 0x000000070ee00000| Untracked 
|  82|0x000000070f000000, 0x000000070f000000, 0x000000070f200000|  0%| F|  |TAMS 0x000000070f000000, 0x000000070f000000| Untracked 
|  83|0x000000070f200000, 0x000000070f200000, 0x000000070f400000|  0%| F|  |TAMS 0x000000070f200000, 0x000000070f200000| Untracked 
|  84|0x000000070f400000, 0x000000070f400000, 0x000000070f600000|  0%| F|  |TAMS 0x000000070f400000, 0x000000070f400000| Untracked 
|  85|0x000000070f600000, 0x000000070f600000, 0x000000070f800000|  0%| F|  |TAMS 0x000000070f600000, 0x000000070f600000| Untracked 
|  86|0x000000070f800000, 0x000000070f800000, 0x000000070fa00000|  0%| F|  |TAMS 0x000000070f800000, 0x000000070f800000| Untracked 
|  87|0x000000070fa00000, 0x000000070fa00000, 0x000000070fc00000|  0%| F|  |TAMS 0x000000070fa00000, 0x000000070fa00000| Untracked 
|  88|0x000000070fc00000, 0x000000070fc00000, 0x000000070fe00000|  0%| F|  |TAMS 0x000000070fc00000, 0x000000070fc00000| Untracked 
|  89|0x000000070fe00000, 0x000000070fe00000, 0x0000000710000000|  0%| F|  |TAMS 0x000000070fe00000, 0x000000070fe00000| Untracked 
|  90|0x0000000710000000, 0x0000000710000000, 0x0000000710200000|  0%| F|  |TAMS 0x0000000710000000, 0x0000000710000000| Untracked 
|  91|0x0000000710200000, 0x0000000710200000, 0x0000000710400000|  0%| F|  |TAMS 0x0000000710200000, 0x0000000710200000| Untracked 
|  92|0x0000000710400000, 0x0000000710400000, 0x0000000710600000|  0%| F|  |TAMS 0x0000000710400000, 0x0000000710400000| Untracked 
|  93|0x0000000710600000, 0x0000000710600000, 0x0000000710800000|  0%| F|  |TAMS 0x0000000710600000, 0x0000000710600000| Untracked 
|  94|0x0000000710800000, 0x0000000710800000, 0x0000000710a00000|  0%| F|  |TAMS 0x0000000710800000, 0x0000000710800000| Untracked 
|  95|0x0000000710a00000, 0x0000000710a00000, 0x0000000710c00000|  0%| F|  |TAMS 0x0000000710a00000, 0x0000000710a00000| Untracked 
|  96|0x0000000710c00000, 0x0000000710c00000, 0x0000000710e00000|  0%| F|  |TAMS 0x0000000710c00000, 0x0000000710c00000| Untracked 
|  97|0x0000000710e00000, 0x0000000710e00000, 0x0000000711000000|  0%| F|  |TAMS 0x0000000710e00000, 0x0000000710e00000| Untracked 
|  98|0x0000000711000000, 0x0000000711000000, 0x0000000711200000|  0%| F|  |TAMS 0x0000000711000000, 0x0000000711000000| Untracked 
|  99|0x0000000711200000, 0x0000000711200000, 0x0000000711400000|  0%| F|  |TAMS 0x0000000711200000, 0x0000000711200000| Untracked 
| 100|0x0000000711400000, 0x0000000711400000, 0x0000000711600000|  0%| F|  |TAMS 0x0000000711400000, 0x0000000711400000| Untracked 
| 101|0x0000000711600000, 0x0000000711600000, 0x0000000711800000|  0%| F|  |TAMS 0x0000000711600000, 0x0000000711600000| Untracked 
| 102|0x0000000711800000, 0x0000000711800000, 0x0000000711a00000|  0%| F|  |TAMS 0x0000000711800000, 0x0000000711800000| Untracked 
| 103|0x0000000711a00000, 0x0000000711a00000, 0x0000000711c00000|  0%| F|  |TAMS 0x0000000711a00000, 0x0000000711a00000| Untracked 
| 104|0x0000000711c00000, 0x0000000711c00000, 0x0000000711e00000|  0%| F|  |TAMS 0x0000000711c00000, 0x0000000711c00000| Untracked 
| 105|0x0000000711e00000, 0x0000000711e00000, 0x0000000712000000|  0%| F|  |TAMS 0x0000000711e00000, 0x0000000711e00000| Untracked 
| 106|0x0000000712000000, 0x0000000712000000, 0x0000000712200000|  0%| F|  |TAMS 0x0000000712000000, 0x0000000712000000| Untracked 
| 107|0x0000000712200000, 0x0000000712200000, 0x0000000712400000|  0%| F|  |TAMS 0x0000000712200000, 0x0000000712200000| Untracked 
| 108|0x0000000712400000, 0x0000000712400000, 0x0000000712600000|  0%| F|  |TAMS 0x0000000712400000, 0x0000000712400000| Untracked 
| 109|0x0000000712600000, 0x0000000712600000, 0x0000000712800000|  0%| F|  |TAMS 0x0000000712600000, 0x0000000712600000| Untracked 
| 110|0x0000000712800000, 0x0000000712800000, 0x0000000712a00000|  0%| F|  |TAMS 0x0000000712800000, 0x0000000712800000| Untracked 
| 111|0x0000000712a00000, 0x0000000712a00000, 0x0000000712c00000|  0%| F|  |TAMS 0x0000000712a00000, 0x0000000712a00000| Untracked 
| 112|0x0000000712c00000, 0x0000000712c00000, 0x0000000712e00000|  0%| F|  |TAMS 0x0000000712c00000, 0x0000000712c00000| Untracked 
| 113|0x0000000712e00000, 0x0000000712e00000, 0x0000000713000000|  0%| F|  |TAMS 0x0000000712e00000, 0x0000000712e00000| Untracked 
| 114|0x0000000713000000, 0x0000000713000000, 0x0000000713200000|  0%| F|  |TAMS 0x0000000713000000, 0x0000000713000000| Untracked 
| 115|0x0000000713200000, 0x0000000713200000, 0x0000000713400000|  0%| F|  |TAMS 0x0000000713200000, 0x0000000713200000| Untracked 
| 116|0x0000000713400000, 0x0000000713400000, 0x0000000713600000|  0%| F|  |TAMS 0x0000000713400000, 0x0000000713400000| Untracked 
| 117|0x0000000713600000, 0x0000000713600000, 0x0000000713800000|  0%| F|  |TAMS 0x0000000713600000, 0x0000000713600000| Untracked 
| 118|0x0000000713800000, 0x0000000713800000, 0x0000000713a00000|  0%| F|  |TAMS 0x0000000713800000, 0x0000000713800000| Untracked 
| 119|0x0000000713a00000, 0x0000000713a00000, 0x0000000713c00000|  0%| F|  |TAMS 0x0000000713a00000, 0x0000000713a00000| Untracked 
| 120|0x0000000713c00000, 0x0000000713c00000, 0x0000000713e00000|  0%| F|  |TAMS 0x0000000713c00000, 0x0000000713c00000| Untracked 
| 121|0x0000000713e00000, 0x0000000713e00000, 0x0000000714000000|  0%| F|  |TAMS 0x0000000713e00000, 0x0000000713e00000| Untracked 
| 122|0x0000000714000000, 0x0000000714000000, 0x0000000714200000|  0%| F|  |TAMS 0x0000000714000000, 0x0000000714000000| Untracked 
| 123|0x0000000714200000, 0x0000000714200000, 0x0000000714400000|  0%| F|  |TAMS 0x0000000714200000, 0x0000000714200000| Untracked 
| 124|0x0000000714400000, 0x0000000714600000, 0x0000000714600000|100%| E|  |TAMS 0x0000000714400000, 0x0000000714400000| Complete 
| 125|0x0000000714600000, 0x0000000714800000, 0x0000000714800000|100%| E|CS|TAMS 0x0000000714600000, 0x0000000714600000| Complete 

Card table byte_map: [0x000001eccbe10000,0x000001eccc5f0000] _byte_map_base: 0x000001ecc85ea000

Marking Bits (Prev, Next): (CMBitMap*) 0x000001ecb44128d0, (CMBitMap*) 0x000001ecb4412910
 Prev Bits: [0x000001ecccdd0000, 0x000001ecd0ca0000)
 Next Bits: [0x000001ecd0ca0000, 0x000001ecd4b70000)

Polling page: 0x000001ecb3b70000

Metaspace:

Usage:
  Non-class:    714.38 KB used.
      Class:     50.36 KB used.
       Both:    764.73 KB used.

Virtual space:
  Non-class space:       64.00 MB reserved,     768.00 KB (  1%) committed,  1 nodes.
      Class space:        1.00 GB reserved,     128.00 KB ( <1%) committed,  1 nodes.
             Both:        1.06 GB reserved,     896.00 KB ( <1%) committed. 

Chunk freelists:
   Non-Class:  3.98 MB
       Class:  3.74 MB
        Both:  7.72 MB

MaxMetaspaceSize: unlimited
CompressedClassSpaceSize: 1.00 GB
Initial GC threshold: 21.00 MB
Current GC threshold: 21.00 MB
CDS: on
MetaspaceReclaimPolicy: balanced
 - commit_granule_bytes: 65536.
 - commit_granule_words: 8192.
 - virtual_space_node_default_size: 8388608.
 - enlarge_chunks_in_place: 1.
 - new_chunks_are_fully_committed: 0.
 - uncommit_free_chunks: 1.
 - use_allocation_guard: 0.


Internal statistics:

num_allocs_failed_limit: 0.
num_arena_births: 8.
num_arena_deaths: 0.
num_vsnodes_births: 2.
num_vsnodes_deaths: 0.
num_space_committed: 14.
num_space_uncommitted: 0.
num_chunks_returned_to_freelist: 0.
num_chunks_taken_from_freelist: 11.
num_chunk_merges: 0.
num_chunk_splits: 5.
num_chunks_enlarged: 2.
num_inconsistent_stats: 0.

CodeHeap 'non-profiled nmethods': size=120000Kb used=94Kb max_used=94Kb free=119905Kb
 bounds [0x000001ecc3dd0000, 0x000001ecc4040000, 0x000001eccb300000]
CodeHeap 'profiled nmethods': size=120000Kb used=324Kb max_used=324Kb free=119675Kb
 bounds [0x000001ecbc300000, 0x000001ecbc570000, 0x000001ecc3830000]
CodeHeap 'non-nmethods': size=5760Kb used=1205Kb max_used=1234Kb free=4554Kb
 bounds [0x000001ecc3830000, 0x000001ecc3aa0000, 0x000001ecc3dd0000]
 total_blobs=681 nmethods=296 adapters=296
 compilation: enabled
              stopped_count=0, restarted_count=0
 full_count=0

Compilation events (20 events):
Event: 0.200 Thread 0x000001ecd75a9de0  287       3       java.lang.StringCoding::countPositives (33 bytes)
Event: 0.200 Thread 0x000001ecd75a9de0 nmethod 287 0x000001ecbc34d990 code [0x000001ecbc34db40, 0x000001ecbc34dd78]
Event: 0.200 Thread 0x000001ecd75a9de0  288       3       java.lang.StringLatin1::replace (198 bytes)
Event: 0.201 Thread 0x000001ecd75a9de0 nmethod 288 0x000001ecbc34de90 code [0x000001ecbc34e120, 0x000001ecbc34eea8]
Event: 0.202 Thread 0x000001ecd75a9de0  289       1       java.net.URL::getProtocol (5 bytes)
Event: 0.202 Thread 0x000001ecd75a9de0 nmethod 289 0x000001ecc3de6890 code [0x000001ecc3de6a20, 0x000001ecc3de6af8]
Event: 0.203 Thread 0x000001ecd75a9de0  290       3       jdk.internal.util.Preconditions::checkIndex (18 bytes)
Event: 0.203 Thread 0x000001ecd75a9de0 nmethod 290 0x000001ecbc34f390 code [0x000001ecbc34f540, 0x000001ecbc34f6e8]
Event: 0.203 Thread 0x000001ecd75a9de0  291       3       jdk.internal.util.Preconditions::checkFromIndexSize (25 bytes)
Event: 0.203 Thread 0x000001ecd75a9de0 nmethod 291 0x000001ecbc34f790 code [0x000001ecbc34f940, 0x000001ecbc34fb08]
Event: 0.203 Thread 0x000001ecd75a9de0  292       1       java.lang.String::value (5 bytes)
Event: 0.203 Thread 0x000001ecd75a9de0 nmethod 292 0x000001ecc3de6b90 code [0x000001ecc3de6d20, 0x000001ecc3de6df8]
Event: 0.204 Thread 0x000001ecd75a9de0  293       3       jdk.internal.util.Preconditions::checkFromToIndex (24 bytes)
Event: 0.204 Thread 0x000001ecd75a9de0 nmethod 293 0x000001ecbc34fc10 code [0x000001ecbc34fdc0, 0x000001ecbc34ffa8]
Event: 0.204 Thread 0x000001ecb43a2080  294       4       java.lang.AbstractStringBuilder::ensureCapacityInternal (39 bytes)
Event: 0.204 Thread 0x000001ecd75a9de0  295       3       java.lang.StringLatin1::toLowerCase (186 bytes)
Event: 0.205 Thread 0x000001ecd75a9de0 nmethod 295 0x000001ecbc350090 code [0x000001ecbc350320, 0x000001ecbc350e78]
Event: 0.205 Thread 0x000001ecd75a9de0  296       1       java.net.URL::getHost (5 bytes)
Event: 0.205 Thread 0x000001ecd75a9de0 nmethod 296 0x000001ecc3de6e90 code [0x000001ecc3de7020, 0x000001ecc3de70f8]
Event: 0.208 Thread 0x000001ecb43a2080 nmethod 294 0x000001ecc3de7190 code [0x000001ecc3de7320, 0x000001ecc3de7788]

GC Heap History (0 events):
No events

Dll operation events (5 events):
Event: 0.005 Loaded shared library C:\Program Files\Java\jdk-19\bin\java.dll
Event: 0.018 Loaded shared library C:\Program Files\Java\jdk-19\bin\jsvml.dll
Event: 0.116 Loaded shared library C:\Program Files\Java\jdk-19\bin\net.dll
Event: 0.119 Loaded shared library C:\Program Files\Java\jdk-19\bin\nio.dll
Event: 0.188 Loaded shared library C:\Program Files\Java\jdk-19\bin\zip.dll

Deoptimization events (0 events):
No events

Classes loaded (20 events):
Event: 0.207 Loading class javax/swing/WindowConstants done
Event: 0.207 Loading class javax/accessibility/Accessible
Event: 0.207 Loading class javax/accessibility/Accessible done
Event: 0.207 Loading class javax/swing/RootPaneContainer
Event: 0.207 Loading class javax/swing/RootPaneContainer done
Event: 0.207 Loading class javax/swing/TransferHandler$HasGetTransferHandler
Event: 0.207 Loading class javax/swing/TransferHandler$HasGetTransferHandler done
Event: 0.207 Loading class java/awt/Frame
Event: 0.207 Loading class java/awt/MenuContainer
Event: 0.207 Loading class java/awt/MenuContainer done
Event: 0.207 Loading class java/awt/Window
Event: 0.208 Loading class java/awt/Container
Event: 0.208 Loading class java/awt/Component
Event: 0.209 Loading class java/awt/image/ImageObserver
Event: 0.209 Loading class java/awt/image/ImageObserver done
Event: 0.209 Loading class java/awt/Component done
Event: 0.209 Loading class java/awt/Container done
Event: 0.209 Loading class java/awt/Window done
Event: 0.209 Loading class java/awt/Frame done
Event: 0.209 Loading class javax/swing/JFrame done

Classes unloaded (0 events):
No events

Classes redefined (0 events):
No events

Internal exceptions (6 events):
Event: 0.121 Thread 0x000001ecb43a15f0 Exception <a 'sun/nio/fs/WindowsException'{0x00000007147a43e0}> (0x00000007147a43e0) 
thrown [s\open\src\hotspot\share\prims\jni.cpp, line 517]
Event: 0.122 Thread 0x000001ecb43a15f0 Exception <a 'sun/nio/fs/WindowsException'{0x00000007147a4900}> (0x00000007147a4900) 
thrown [s\open\src\hotspot\share\prims\jni.cpp, line 517]
Event: 0.135 Thread 0x000001ecb43a15f0 Exception <a 'sun/nio/fs/WindowsException'{0x00000007147b6e30}> (0x00000007147b6e30) 
thrown [s\open\src\hotspot\share\prims\jni.cpp, line 517]
Event: 0.148 Thread 0x000001ecb43a15f0 Exception <a 'sun/nio/fs/WindowsException'{0x0000000714479320}> (0x0000000714479320) 
thrown [s\open\src\hotspot\share\prims\jni.cpp, line 517]
Event: 0.148 Thread 0x000001ecb43a15f0 Exception <a 'sun/nio/fs/WindowsException'{0x0000000714479dc0}> (0x0000000714479dc0) 
thrown [s\open\src\hotspot\share\prims\jni.cpp, line 517]
Event: 0.152 Thread 0x000001ecb43a15f0 Exception <a 'sun/nio/fs/WindowsException'{0x00000007144814b0}> (0x00000007144814b0) 
thrown [s\open\src\hotspot\share\prims\jni.cpp, line 517]

VM Operations (2 events):
Event: 0.170 Executing VM operation: HandshakeAllThreads
Event: 0.170 Executing VM operation: HandshakeAllThreads done

Events (13 events):
Event: 0.019 Thread 0x000001ecb43a15f0 Thread added: 0x000001ecb43a15f0
Event: 0.039 Thread 0x000001ecd759c510 Thread added: 0x000001ecd759c510
Event: 0.039 Thread 0x000001ecd759ce40 Thread added: 0x000001ecd759ce40
Event: 0.039 Thread 0x000001ecd759f780 Thread added: 0x000001ecd759f780
Event: 0.039 Thread 0x000001ecd75a0330 Thread added: 0x000001ecd75a0330
Event: 0.039 Thread 0x000001ecd75a0c60 Thread added: 0x000001ecd75a0c60
Event: 0.040 Thread 0x000001ecd75a57f0 Thread added: 0x000001ecd75a57f0
Event: 0.040 Thread 0x000001ecd75a8460 Thread added: 0x000001ecd75a8460
Event: 0.040 Thread 0x000001ecd75a9de0 Thread added: 0x000001ecd75a9de0
Event: 0.040 Thread 0x000001ecd75ab170 Thread added: 0x000001ecd75ab170
Event: 0.088 Thread 0x000001ecdb8a6e60 Thread added: 0x000001ecdb8a6e60
Event: 0.183 Thread 0x000001ecdb9949e0 Thread added: 0x000001ecdb9949e0
Event: 0.189 Thread 0x000001ecb43a2080 Thread added: 0x000001ecb43a2080


Dynamic libraries:
0x00007ff660b80000 - 0x00007ff660b90000 	C:\Program Files\Java\jdk-19\bin\java.exe
0x00007ffb6c8e0000 - 0x00007ffb6cae9000 	C:\WINDOWS\SYSTEM32\ntdll.dll
0x00007ffb6b5d0000 - 0x00007ffb6b68e000 	C:\WINDOWS\System32\KERNEL32.DLL
0x00007ffb69f70000 - 0x00007ffb6a2eb000 	C:\WINDOWS\System32\KERNELBASE.dll
0x00007ffb6a5a0000 - 0x00007ffb6a6b1000 	C:\WINDOWS\System32\ucrtbase.dll
0x00007ffb112a0000 - 0x00007ffb112bb000 	C:\Program Files\Java\jdk-19\bin\VCRUNTIME140.dll
0x00007ffb47b00000 - 0x00007ffb47b18000 	C:\Program Files\Java\jdk-19\bin\jli.dll
0x00007ffb6a850000 - 0x00007ffb6a8fe000 	C:\WINDOWS\System32\ADVAPI32.dll
0x00007ffb6bb00000 - 0x00007ffb6bba3000 	C:\WINDOWS\System32\msvcrt.dll
0x00007ffb6bfc0000 - 0x00007ffb6c05e000 	C:\WINDOWS\System32\sechost.dll
0x00007ffb6a900000 - 0x00007ffb6aa20000 	C:\WINDOWS\System32\RPCRT4.dll
0x00007ffb6bc60000 - 0x00007ffb6be0d000 	C:\WINDOWS\System32\USER32.dll
0x00007ffb69f40000 - 0x00007ffb69f66000 	C:\WINDOWS\System32\win32u.dll
0x00007ffb6b5a0000 - 0x00007ffb6b5c9000 	C:\WINDOWS\System32\GDI32.dll
0x00007ffb531b0000 - 0x00007ffb53455000 	C:\WINDOWS\WinSxS\amd64_microsoft.windows.common-controls_6595b64144ccf1df_6.0.22000.120_none_9d947278b86cc467\COMCTL32.dll
0x00007ffb69db0000 - 0x00007ffb69ec8000 	C:\WINDOWS\System32\gdi32full.dll
0x00007ffb6a6c0000 - 0x00007ffb6a75d000 	C:\WINDOWS\System32\msvcp_win.dll
0x00007ffb60fd0000 - 0x00007ffb60fda000 	C:\WINDOWS\SYSTEM32\VERSION.dll
0x00007ffb6bc20000 - 0x00007ffb6bc52000 	C:\WINDOWS\System32\IMM32.DLL
0x00007ffb2fea0000 - 0x00007ffb2feac000 	C:\Program Files\Java\jdk-19\bin\vcruntime140_1.dll
0x00007ffb0db50000 - 0x00007ffb0dbde000 	C:\Program Files\Java\jdk-19\bin\msvcp140.dll
0x00007ffb0ebd0000 - 0x00007ffb0f890000 	C:\Program Files\Java\jdk-19\bin\server\jvm.dll
0x00007ffb2ffd0000 - 0x00007ffb2ffd9000 	C:\WINDOWS\SYSTEM32\WSOCK32.dll
0x00007ffb6ac30000 - 0x00007ffb6ac9f000 	C:\WINDOWS\System32\WS2_32.dll
0x00007ffb60b20000 - 0x00007ffb60b53000 	C:\WINDOWS\SYSTEM32\WINMM.dll
0x00007ffb68eb0000 - 0x00007ffb68ec8000 	C:\WINDOWS\SYSTEM32\kernel.appcore.dll
0x00007ffb2ca40000 - 0x00007ffb2ca4a000 	C:\Program Files\Java\jdk-19\bin\jimage.dll
0x00007ffb677a0000 - 0x00007ffb679c1000 	C:\WINDOWS\SYSTEM32\DBGHELP.DLL
0x00007ffb49250000 - 0x00007ffb49281000 	C:\WINDOWS\SYSTEM32\dbgcore.DLL
0x00007ffb6a520000 - 0x00007ffb6a59f000 	C:\WINDOWS\System32\bcryptPrimitives.dll
0x00007ffb0eba0000 - 0x00007ffb0ebc6000 	C:\Program Files\Java\jdk-19\bin\java.dll
0x00007ffb0eac0000 - 0x00007ffb0eb97000 	C:\Program Files\Java\jdk-19\bin\jsvml.dll
0x00007ffb6c060000 - 0x00007ffb6c817000 	C:\WINDOWS\System32\SHELL32.dll
0x00007ffb67ea0000 - 0x00007ffb68705000 	C:\WINDOWS\SYSTEM32\windows.storage.dll
0x00007ffb6aea0000 - 0x00007ffb6b218000 	C:\WINDOWS\System32\combase.dll
0x00007ffb67d30000 - 0x00007ffb67e96000 	C:\WINDOWS\SYSTEM32\wintypes.dll
0x00007ffb6b220000 - 0x00007ffb6b30a000 	C:\WINDOWS\System32\SHCORE.dll
0x00007ffb6aca0000 - 0x00007ffb6acfd000 	C:\WINDOWS\System32\shlwapi.dll
0x00007ffb69ce0000 - 0x00007ffb69d01000 	C:\WINDOWS\SYSTEM32\profapi.dll
0x00007ffb0eaa0000 - 0x00007ffb0eab3000 	C:\Program Files\Java\jdk-19\bin\net.dll
0x00007ffb62b30000 - 0x00007ffb62c44000 	C:\WINDOWS\SYSTEM32\WINHTTP.dll
0x00007ffb693c0000 - 0x00007ffb69427000 	C:\WINDOWS\system32\mswsock.dll
0x00007ffb0ea80000 - 0x00007ffb0ea96000 	C:\Program Files\Java\jdk-19\bin\nio.dll
0x00007ffb0ea60000 - 0x00007ffb0ea78000 	C:\Program Files\Java\jdk-19\bin\zip.dll

dbghelp: loaded successfully - version: 4.0.5 - missing functions: none
symbol engine: initialized successfully - sym options: 0x614 - pdb path: .;C:\Program Files\Java\jdk-19\bin;C:\WINDOWS\SYSTEM32;C:\WINDOWS\WinSxS\amd64_microsoft.windows.common-controls_6595b64144ccf1df_6.0.22000.120_none_9d947278b86cc467;C:\Program Files\Java\jdk-19\bin\server

VM Arguments:
jvm_args: -Dfile.encoding=UTF-8 -Djava.security.policy=applet.policy --module-path=C:\Users\Asus\Desktop\CarRentalManagementSystem_2\build\classes 
java_command: adminhome
java_class_path (initial): C:\Program Files\NetBeans-15\netbeans\java\modules\ext\AbsoluteLayout.jar;E:\2.2\connector\mysql-connector-j-8.0.31\mysql-connector-j-8.0.31.jar;C:\Users\Asus\Desktop\CarRentalManagementSystem_2\components\RSFoto_v1.0.jar;C:\Users\Asus\Downloads\project\tricks\dist\KGradientPanel.jar;C:\Users\Asus\Desktop\CarRentalManagementSystem_2\components\RSCalendar.jar;C:\Users\Asus\Downloads\itext.jar;C:\Users\Asus\Downloads\project\RSCalendar.jar;C:\Users\Asus\Downloads\project\RojeruSan.parte1.jar;C:\Users\Asus\Downloads\project\jars\dropdown-menu-1.4.16.jar;C:\Users\Asus\Downloads\project\jars\TimingFramework-0.55.jar;C:\Users\Asus\Downloads\project\jars\gradient-dropdown-menu.jar;C:\Users\Asus\Downloads\project\jars\miglayout-4.0.jar;C:\Users\Asus\Desktop\java-swing-school-management-dashboard-main\school-dashboard-v2\TimingFramework-0.55.jar;C:\Users\Asus\Desktop\java-swing-school-management-dashboard-main\school-dashboard-v2\jna-5.5.0.jar;C:\Users\Asus\Desktop\java-swing-school-management-dashboard-main\school-dashboard-v2\jna-platform-5.5.0.jar;C:\Users\Asus\Desktop\java-swing-school-management-dashboard-main\school-dashboard-v2\miglayout-4.0.jar;C:\Users\Asus\Downloads\project\jars\rs2xml.jar;C:\Users\Asus\Downloads\project\jars\sqlite-jdbc-3.7.2.jar;C:\Users\Asus\Desktop\java-swing-drawer-main\TimingFramework-0.55.jar;C:\Users\Asus\Desktop\java-swing-drawer-main\miglayout-4.0.jar;C:\Users\Asus\Desktop\java-ui-dashboard-011-main\TimingFramework-0.55.jar;C:\Users\Asus\Desktop\java-ui-dashboard-011-main\gradient-icon-font.jar;C:\Users\Asus\Desktop\java-ui-dashboard-011-main\miglayout-4.0.jar;C:\Users\Asus\Desktop\CarRentalManagementSystem_2\build\classes
Launcher Type: SUN_STANDARD

[Global flags]
     intx CICompilerCount                          = 4                                         {product} {ergonomic}
     uint ConcGCThreads                            = 2                                         {product} {ergonomic}
     uint G1ConcRefinementThreads                  = 8                                         {product} {ergonomic}
   size_t G1HeapRegionSize                         = 2097152                                   {product} {ergonomic}
    uintx GCDrainStackTargetSize                   = 64                                        {product} {ergonomic}
   size_t InitialHeapSize                          = 264241152                                 {product} {ergonomic}
   size_t MarkStackSize                            = 4194304                                   {product} {ergonomic}
   size_t MaxHeapSize                              = 4215275520                                {product} {ergonomic}
   size_t MaxNewSize                               = 2529165312                                {product} {ergonomic}
   size_t MinHeapDeltaBytes                        = 2097152                                   {product} {ergonomic}
   size_t MinHeapSize                              = 8388608                                   {product} {ergonomic}
    uintx NonNMethodCodeHeapSize                   = 5839372                                {pd product} {ergonomic}
    uintx NonProfiledCodeHeapSize                  = 122909434                              {pd product} {ergonomic}
    uintx ProfiledCodeHeapSize                     = 122909434                              {pd product} {ergonomic}
    uintx ReservedCodeCacheSize                    = 251658240                              {pd product} {ergonomic}
     bool SegmentedCodeCache                       = true                                      {product} {ergonomic}
   size_t SoftMaxHeapSize                          = 4215275520                             {manageable} {ergonomic}
     bool UseCompressedClassPointers               = true                           {product lp64_product} {ergonomic}
     bool UseCompressedOops                        = true                           {product lp64_product} {ergonomic}
     bool UseG1GC                                  = true                                      {product} {ergonomic}
     bool UseLargePagesIndividualAllocation        = false                                  {pd product} {ergonomic}

Logging:
Log output configuration:
 #0: stdout all=warning uptime,level,tags foldmultilines=false
 #1: stderr all=off uptime,level,tags foldmultilines=false

Environment Variables:
JAVA_HOME=C:\Program Files\AdoptOpenJDK\jre-8.0.282.8-hotspot\
PATH=C:\Program Files\Common Files\Oracle\Java\javapath;C:\Program Files\AdoptOpenJDK\jre-8.0.282.8-hotspot\bin;C:\Program Files\AdoptOpenJDK\jre-11.0.10.9-hotspot\bin;C:\Program Files (x86)\AdoptOpenJDK\jre-8.0.282.8-hotspot\bin;C:\Program Files (x86)\Common Files\Oracle\Java\javapath;C:\WINDOWS\system32;C:\WINDOWS;C:\WINDOWS\System32\Wbem;C:\WINDOWS\System32\WindowsPowerShell\v1.0\;C:\WINDOWS\System32\OpenSSH\;C:\Program Files (x86)\GtkSharp\2.12\bin;C:\Program Files\Microsoft SQL Server\150\Tools\Binn\;F:\sgipc\Git\cmd;C:\Program Files\MySQL\MySQL Shell 8.0\bin\;C:\Users\Asus\AppData\Local\Microsoft\WindowsApps;C:\Program Files\CodeBlocks\MinGW\bin;C:\Program Files\JetBrains\CLion 2020.3.2\bin;C:\Program Files\CodeBlocks\MinGW;;C:\Program Files\JetBrains\PyCharm Community Edition 2021.1.1\bin;;C:\Users\Asus\AppData\Local\GitHubDesktop\bin;C:\Program Files\MySQL\MySQL Server 8.0\bin;F:\4.java\Inno Setup 6
USERNAME=Asus
OS=Windows_NT
PROCESSOR_IDENTIFIER=Intel64 Family 6 Model 140 Stepping 1, GenuineIntel
TMP=C:\Users\Asus\AppData\Local\Temp
TEMP=C:\Users\Asus\AppData\Local\Temp



---------------  S Y S T E M  ---------------

OS:
 Windows 11 , 64 bit Build 22000 (10.0.22000.1335)
OS uptime: 1 days 13:21 hours

CPU: total 8 (initial active 8) (4 cores per cpu, 2 threads per core) family 6 model 140 stepping 1 microcode 0x86, cx8, cmov, fxsr, ht, mmx, 3dnowpref, sse, sse2, sse3, ssse3, sse4.1, sse4.2, popcnt, lzcnt, tsc, tscinvbit, avx, avx2, aes, erms, clmul, bmi1, bmi2, adx, avx512f, avx512dq, avx512cd, avx512bw, avx512vl, sha, fma, vzeroupper, avx512_vpopcntdq, avx512_vpclmulqdq, avx512_vaes, avx512_vnni, clflush, clflushopt, clwb, avx512_vbmi2, avx512_vbmi, rdtscp, rdpid, fsrm, gfni, avx512_bitalg

Memory: 4k page, system-wide physical 16075M (2229M free)
TotalPageFile size 35275M (AvailPageFile size 4M)
current process WorkingSet (physical memory assigned to process): 37M, peak: 37M
current process commit charge ("private bytes"): 342M, peak: 342M

vm_info: Java HotSpot(TM) 64-Bit Server VM (19+36-2238) for windows-amd64 JRE (19+36-2238), built on 2022-08-12T20:29:01Z by "mach5one" with MS VC++ 17.1 (VS2022)

END.
