#
# There is insufficient memory for the Java Runtime Environment to continue.
# Native memory allocation (mmap) failed to map 264241152 bytes for G1 virtual space
# Possible reasons:
#   The system is out of physical RAM or swap space
#   The process is running with CompressedOops enabled, and the Java Heap may be blocking the growth of the native heap
# Possible solutions:
#   Reduce memory load on the system
#   Increase physical memory or swap space
#   Check if swap backing store is full
#   Decrease Java heap size (-Xmx/-Xms)
#   Decrease number of Java threads
#   Decrease Java thread stack sizes (-Xss)
#   Set larger code cache with -XX:ReservedCodeCacheSize=
#   JVM is running with Zero Based Compressed Oops mode in which the Java heap is
#     placed in the first 32GB address space. The Java Heap base address is the
#     maximum limit for the native heap growth. Please use -XX:HeapBaseMinAddress
#     to set the Java Heap base and to place the Java Heap above 32GB virtual address.
# This output file may be truncated or incomplete.
#
#  Out of Memory Error (os_windows.cpp:3527), pid=23468, tid=30460
#
# JRE version:  (19.0+36) (build )
# Java VM: Java HotSpot(TM) 64-Bit Server VM (19+36-2238, mixed mode, sharing, tiered, compressed oops, compressed class ptrs, g1 gc, windows-amd64)
# No core dump will be written. Minidumps are not enabled by default on client versions of Windows
#

---------------  S U M M A R Y ------------

Command Line: -Dfile.encoding=UTF-8 -Djava.security.policy=applet.policy --module-path=C:\Users\Asus\Desktop\CarRentalManagementSystem_2\build\classes Bookacar

Host: 11th Gen Intel(R) Core(TM) i7-1165G7 @ 2.80GHz, 8 cores, 15G,  Windows 11 , 64 bit Build 22000 (10.0.22000.1335)
Time: Sun Dec 25 17:18:36 2022 Bangladesh Standard Time elapsed time: 0.006995 seconds (0d 0h 0m 0s)

---------------  T H R E A D  ---------------

Current thread (0x00000221375ce170):  JavaThread "Unknown thread" [_thread_in_vm, id=30460, stack(0x0000003463d00000,0x0000003463e00000)]

Stack: [0x0000003463d00000,0x0000003463e00000]
Native frames: (J=compiled Java code, j=interpreted, Vv=VM code, C=native code)
V  [jvm.dll+0x6ee8fa]
V  [jvm.dll+0x857a1e]
V  [jvm.dll+0x85940e]
V  [jvm.dll+0x859ac3]
V  [jvm.dll+0x28291f]
V  [jvm.dll+0x6eb6e9]
V  [jvm.dll+0x6e028a]
V  [jvm.dll+0x357136]
V  [jvm.dll+0x35eb96]
V  [jvm.dll+0x3b555e]
V  [jvm.dll+0x3b578f]
V  [jvm.dll+0x32c6ea]
V  [jvm.dll+0x32d59e]
V  [jvm.dll+0x821b20]
V  [jvm.dll+0x3c27c1]
V  [jvm.dll+0x8022f1]
V  [jvm.dll+0x44b30f]
V  [jvm.dll+0x44cc91]
C  [jli.dll+0x5287]
C  [ucrtbase.dll+0x26c0c]
C  [KERNEL32.DLL+0x155a0]
C  [ntdll.dll+0x485b]


---------------  P R O C E S S  ---------------

Threads class SMR info:
_java_thread_list=0x00007ffb0f74d048, length=0, elements={
}

Java Threads: ( => current thread )

Other Threads:
  0x00000221398f0e80 WorkerThread "GC Thread#0" [stack: 0x0000003463e00000,0x0000003463f00000] [id=30336]
  0x0000022139901c20 ConcurrentGCThread "G1 Main Marker" [stack: 0x0000003463f00000,0x0000003464000000] [id=28076]
  0x0000022139902650 WorkerThread "G1 Conc#0" [stack: 0x0000003464000000,0x0000003464100000] [id=23080]

[error occurred during error reporting (printing all threads), id 0xc0000005, EXCEPTION_ACCESS_VIOLATION (0xc0000005) at pc=0x00007ffb0ef0d127]

VM state: not at safepoint (not fully initialized)

VM Mutex/Monitor currently owned by a thread:  ([mutex/lock_event])
[0x00000221375cb460] Heap_lock - owner thread: 0x00000221375ce170

Heap address: 0x0000000704c00000, size: 4020 MB, Compressed Oops mode: Zero based, Oop shift amount: 3

CDS archive(s) mapped at: [0x0000000000000000-0x0000000000000000-0x0000000000000000), size 0, SharedBaseAddress: 0x0000000800000000, ArchiveRelocationMode: 0.
Narrow klass base: 0x0000000000000000, Narrow klass shift: 0, Narrow klass range: 0x0

GC Precious Log:
 CardTable entry size: 512
 Card Set container configuration: InlinePtr #cards 4 size 8 Array Of Cards #cards 8 size 32 Howl #buckets 8 coarsen threshold 3686 Howl Bitmap #cards 512 size 80 coarsen threshold 460 Card regions per heap region 1 cards per card region 4096

Heap:
 garbage-first heap   total 0K, used 0K [0x0000000704c00000, 0x0000000800000000)
  region size 2048K, 0 young (0K), 0 survivors (0K)

[error occurred during error reporting (printing heap information), id 0xc0000005, EXCEPTION_ACCESS_VIOLATION (0xc0000005) at pc=0x00007ffb0f316959]

GC Heap History (0 events):
No events

Dll operation events (1 events):
Event: 0.005 Loaded shared library C:\Program Files\Java\jdk-19\bin\java.dll

Deoptimization events (0 events):
No events

Classes loaded (0 events):
No events

Classes unloaded (0 events):
No events

Classes redefined (0 events):
No events

Internal exceptions (0 events):
No events

VM Operations (0 events):
No events

Events (0 events):
No events


Dynamic libraries:
0x00007ff660b80000 - 0x00007ff660b90000 	C:\Program Files\Java\jdk-19\bin\java.exe
0x00007ffb6c8e0000 - 0x00007ffb6cae9000 	C:\WINDOWS\SYSTEM32\ntdll.dll
0x00007ffb6b5d0000 - 0x00007ffb6b68e000 	C:\WINDOWS\System32\KERNEL32.DLL
0x00007ffb69f70000 - 0x00007ffb6a2eb000 	C:\WINDOWS\System32\KERNELBASE.dll
0x00007ffb6a5a0000 - 0x00007ffb6a6b1000 	C:\WINDOWS\System32\ucrtbase.dll
0x00007ffb47b00000 - 0x00007ffb47b18000 	C:\Program Files\Java\jdk-19\bin\jli.dll
0x00007ffb112a0000 - 0x00007ffb112bb000 	C:\Program Files\Java\jdk-19\bin\VCRUNTIME140.dll
0x00007ffb6a850000 - 0x00007ffb6a8fe000 	C:\WINDOWS\System32\ADVAPI32.dll
0x00007ffb6bb00000 - 0x00007ffb6bba3000 	C:\WINDOWS\System32\msvcrt.dll
0x00007ffb6bfc0000 - 0x00007ffb6c05e000 	C:\WINDOWS\System32\sechost.dll
0x00007ffb6a900000 - 0x00007ffb6aa20000 	C:\WINDOWS\System32\RPCRT4.dll
0x00007ffb6bc60000 - 0x00007ffb6be0d000 	C:\WINDOWS\System32\USER32.dll
0x00007ffb69f40000 - 0x00007ffb69f66000 	C:\WINDOWS\System32\win32u.dll
0x00007ffb531b0000 - 0x00007ffb53455000 	C:\WINDOWS\WinSxS\amd64_microsoft.windows.common-controls_6595b64144ccf1df_6.0.22000.120_none_9d947278b86cc467\COMCTL32.dll
0x00007ffb6b5a0000 - 0x00007ffb6b5c9000 	C:\WINDOWS\System32\GDI32.dll
0x00007ffb69db0000 - 0x00007ffb69ec8000 	C:\WINDOWS\System32\gdi32full.dll
0x00007ffb6a6c0000 - 0x00007ffb6a75d000 	C:\WINDOWS\System32\msvcp_win.dll
0x00007ffb60fd0000 - 0x00007ffb60fda000 	C:\WINDOWS\SYSTEM32\VERSION.dll
0x00007ffb6bc20000 - 0x00007ffb6bc52000 	C:\WINDOWS\System32\IMM32.DLL
0x00007ffb2fea0000 - 0x00007ffb2feac000 	C:\Program Files\Java\jdk-19\bin\vcruntime140_1.dll
0x00007ffb0db50000 - 0x00007ffb0dbde000 	C:\Program Files\Java\jdk-19\bin\msvcp140.dll
0x00007ffb0ebd0000 - 0x00007ffb0f890000 	C:\Program Files\Java\jdk-19\bin\server\jvm.dll
0x00007ffb2ffd0000 - 0x00007ffb2ffd9000 	C:\WINDOWS\SYSTEM32\WSOCK32.dll
0x00007ffb60b20000 - 0x00007ffb60b53000 	C:\WINDOWS\SYSTEM32\WINMM.dll
0x00007ffb6ac30000 - 0x00007ffb6ac9f000 	C:\WINDOWS\System32\WS2_32.dll
0x00007ffb68eb0000 - 0x00007ffb68ec8000 	C:\WINDOWS\SYSTEM32\kernel.appcore.dll
0x00007ffb2ca40000 - 0x00007ffb2ca4a000 	C:\Program Files\Java\jdk-19\bin\jimage.dll
0x00007ffb677a0000 - 0x00007ffb679c1000 	C:\WINDOWS\SYSTEM32\DBGHELP.DLL
0x00007ffb49250000 - 0x00007ffb49281000 	C:\WINDOWS\SYSTEM32\dbgcore.DLL
0x00007ffb6a520000 - 0x00007ffb6a59f000 	C:\WINDOWS\System32\bcryptPrimitives.dll
0x00007ffb0eba0000 - 0x00007ffb0ebc6000 	C:\Program Files\Java\jdk-19\bin\java.dll

dbghelp: loaded successfully - version: 4.0.5 - missing functions: none
symbol engine: initialized successfully - sym options: 0x614 - pdb path: .;C:\Program Files\Java\jdk-19\bin;C:\WINDOWS\SYSTEM32;C:\WINDOWS\WinSxS\amd64_microsoft.windows.common-controls_6595b64144ccf1df_6.0.22000.120_none_9d947278b86cc467;C:\Program Files\Java\jdk-19\bin\server

VM Arguments:
jvm_args: -Dfile.encoding=UTF-8 -Djava.security.policy=applet.policy --module-path=C:\Users\Asus\Desktop\CarRentalManagementSystem_2\build\classes 
java_command: Bookacar
java_class_path (initial): C:\Program Files\NetBeans-15\netbeans\java\modules\ext\AbsoluteLayout.jar;E:\2.2\connector\mysql-connector-j-8.0.31\mysql-connector-j-8.0.31.jar;C:\Users\Asus\Desktop\CarRentalManagementSystem_2\components\RSFoto_v1.0.jar;C:\Users\Asus\Downloads\project\tricks\dist\KGradientPanel.jar;C:\Users\Asus\Desktop\CarRentalManagementSystem_2\components\RSCalendar.jar;C:\Users\Asus\Downloads\itext.jar;C:\Users\Asus\Downloads\project\RSCalendar.jar;C:\Users\Asus\Downloads\project\RojeruSan.parte1.jar;C:\Users\Asus\Downloads\project\jars\dropdown-menu-1.4.16.jar;C:\Users\Asus\Downloads\project\jars\TimingFramework-0.55.jar;C:\Users\Asus\Downloads\project\jars\gradient-dropdown-menu.jar;C:\Users\Asus\Downloads\project\jars\miglayout-4.0.jar;C:\Users\Asus\Desktop\java-swing-school-management-dashboard-main\school-dashboard-v2\TimingFramework-0.55.jar;C:\Users\Asus\Desktop\java-swing-school-management-dashboard-main\school-dashboard-v2\jna-5.5.0.jar;C:\Users\Asus\Desktop\java-swing-school-management-dashboard-main\school-dashboard-v2\jna-platform-5.5.0.jar;C:\Users\Asus\Desktop\java-swing-school-management-dashboard-main\school-dashboard-v2\miglayout-4.0.jar;C:\Users\Asus\Downloads\project\jars\rs2xml.jar;C:\Users\Asus\Downloads\project\jars\sqlite-jdbc-3.7.2.jar;C:\Users\Asus\Desktop\java-swing-drawer-main\TimingFramework-0.55.jar;C:\Users\Asus\Desktop\java-swing-drawer-main\miglayout-4.0.jar;C:\Users\Asus\Desktop\java-ui-dashboard-011-main\TimingFramework-0.55.jar;C:\Users\Asus\Desktop\java-ui-dashboard-011-main\gradient-icon-font.jar;C:\Users\Asus\Desktop\java-ui-dashboard-011-main\miglayout-4.0.jar;C:\Users\Asus\Desktop\CarRentalManagementSystem_2\build\classes
Launcher Type: SUN_STANDARD

[Global flags]
     intx CICompilerCount                          = 4                                         {product} {ergonomic}
     uint ConcGCThreads                            = 2                                         {product} {ergonomic}
     uint G1ConcRefinementThreads                  = 8                                         {product} {ergonomic}
   size_t G1HeapRegionSize                         = 2097152                                   {product} {ergonomic}
    uintx GCDrainStackTargetSize                   = 64                                        {product} {ergonomic}
   size_t InitialHeapSize                          = 264241152                                 {product} {ergonomic}
   size_t MarkStackSize                            = 4194304                                   {product} {ergonomic}
   size_t MaxHeapSize                              = 4215275520                                {product} {ergonomic}
   size_t MinHeapDeltaBytes                        = 2097152                                   {product} {ergonomic}
   size_t MinHeapSize                              = 8388608                                   {product} {ergonomic}
    uintx NonNMethodCodeHeapSize                   = 5839372                                {pd product} {ergonomic}
    uintx NonProfiledCodeHeapSize                  = 122909434                              {pd product} {ergonomic}
    uintx ProfiledCodeHeapSize                     = 122909434                              {pd product} {ergonomic}
    uintx ReservedCodeCacheSize                    = 251658240                              {pd product} {ergonomic}
     bool SegmentedCodeCache                       = true                                      {product} {ergonomic}
   size_t SoftMaxHeapSize                          = 4215275520                             {manageable} {ergonomic}
     bool UseCompressedClassPointers               = true                           {product lp64_product} {ergonomic}
     bool UseCompressedOops                        = true                           {product lp64_product} {ergonomic}
     bool UseG1GC                                  = true                                      {product} {ergonomic}
     bool UseLargePagesIndividualAllocation        = false                                  {pd product} {ergonomic}

Logging:
Log output configuration:
 #0: stdout all=warning uptime,level,tags foldmultilines=false
 #1: stderr all=off uptime,level,tags foldmultilines=false

Environment Variables:
JAVA_HOME=C:\Program Files\AdoptOpenJDK\jre-8.0.282.8-hotspot\
PATH=C:\Program Files\Common Files\Oracle\Java\javapath;C:\Program Files\AdoptOpenJDK\jre-8.0.282.8-hotspot\bin;C:\Program Files\AdoptOpenJDK\jre-11.0.10.9-hotspot\bin;C:\Program Files (x86)\AdoptOpenJDK\jre-8.0.282.8-hotspot\bin;C:\Program Files (x86)\Common Files\Oracle\Java\javapath;C:\WINDOWS\system32;C:\WINDOWS;C:\WINDOWS\System32\Wbem;C:\WINDOWS\System32\WindowsPowerShell\v1.0\;C:\WINDOWS\System32\OpenSSH\;C:\Program Files (x86)\GtkSharp\2.12\bin;C:\Program Files\Microsoft SQL Server\150\Tools\Binn\;F:\sgipc\Git\cmd;C:\Program Files\MySQL\MySQL Shell 8.0\bin\;C:\Users\Asus\AppData\Local\Microsoft\WindowsApps;C:\Program Files\CodeBlocks\MinGW\bin;C:\Program Files\JetBrains\CLion 2020.3.2\bin;C:\Program Files\CodeBlocks\MinGW;;C:\Program Files\JetBrains\PyCharm Community Edition 2021.1.1\bin;;C:\Users\Asus\AppData\Local\GitHubDesktop\bin;F:\vs stdio\Microsoft VS Code\bin;C:\Program Files\MySQL\MySQL Server 8.0\bin;F:\4.java\Inno Setup 6;
USERNAME=Asus
OS=Windows_NT
PROCESSOR_IDENTIFIER=Intel64 Family 6 Model 140 Stepping 1, GenuineIntel
TMP=C:\Users\Asus\AppData\Local\Temp
TEMP=C:\Users\Asus\AppData\Local\Temp



---------------  S Y S T E M  ---------------

OS:
 Windows 11 , 64 bit Build 22000 (10.0.22000.1335)
OS uptime: 1 days 4:49 hours

CPU: total 8 (initial active 8) (4 cores per cpu, 2 threads per core) family 6 model 140 stepping 1 microcode 0x86, cx8, cmov, fxsr, ht, mmx, 3dnowpref, sse, sse2, sse3, ssse3, sse4.1, sse4.2, popcnt, lzcnt, tsc, tscinvbit, avx, avx2, aes, erms, clmul, bmi1, bmi2, adx, avx512f, avx512dq, avx512cd, avx512bw, avx512vl, sha, fma, vzeroupper, avx512_vpopcntdq, avx512_vpclmulqdq, avx512_vaes, avx512_vnni, clflush, clflushopt, clwb, avx512_vbmi2, avx512_vbmi, rdtscp, rdpid, fsrm, gfni, avx512_bitalg

Memory: 4k page, system-wide physical 16075M (2338M free)
TotalPageFile size 28571M (AvailPageFile size 147M)
current process WorkingSet (physical memory assigned to process): 11M, peak: 11M
current process commit charge ("private bytes"): 60M, peak: 312M

vm_info: Java HotSpot(TM) 64-Bit Server VM (19+36-2238) for windows-amd64 JRE (19+36-2238), built on 2022-08-12T20:29:01Z by "mach5one" with MS VC++ 17.1 (VS2022)

END.
